$ 1 <= 0f2a0000
$ 1 <= 0f2a5333
$ 2 <= 6c360000
$ 2 <= 6c36164b
$ 3 <= fed40000
$ 3 <= fed4e68c
$ 4 <= 3ab60000
$ 4 <= 3ab6ede0
$ 5 <= 0a2b0000
$ 5 <= 0a2bb5d0
$ 6 <= 51870000
$ 6 <= 518787e9
$ 7 <= b6fd0000
$ 7 <= b6fd58af
$ 8 <= d1560000
$ 8 <= d1567f50
$ 9 <= 8b760000
$ 9 <= 8b76ea1e
$10 <= 4f340000
$10 <= 4f346a6b
$11 <= 73c50000
$11 <= 73c5d343
$12 <= 960a0000
$12 <= 960ab623
$13 <= 9c8d0000
$13 <= 9c8d6e52
$14 <= 844e0000
$14 <= 844e4f7e
$15 <= 38810000
$15 <= 3881cbc9
$16 <= 2dc40000
$16 <= 2dc40838
$17 <= 6de10000
$17 <= 6de14349
$18 <= c5d40000
$18 <= c5d450c9
$19 <= 0d4b0000
$19 <= 0d4bd40d
$20 <= 450f0000
$20 <= 450f3250
$21 <= 78d10000
$21 <= 78d11806
$22 <= 1efa0000
$22 <= 1efaed02
$23 <= a2890000
$23 <= a2895a8b
$24 <= cb350000
$24 <= cb356669
$25 <= bc6f0000
$25 <= bc6f3e5a
$26 <= b0aa0000
$26 <= b0aaee5a
$27 <= 2b660000
$27 <= 2b6602ae
$28 <= d3f20000
$28 <= d3f27a1a
$29 <= 64280000
$29 <= 64282834
$30 <= 2ad40000
$30 <= 2ad40dc2
$31 <= e2ba0000
$31 <= e2ba097e
*00000000 <= c5d450c9
$18 <= beff3fda
*00000004 <= 6de14349
$17 <= 94df9caf
*00000008 <= b6fd58af
$ 7 <= 8e3a5439
*0000000c <= 450f3250
$20 <= 00000000
*00000010 <= 73c5d343
$11 <= 10804a08
*00000014 <= 6c36164b
$ 2 <= a288080a
*00000018 <= 0d4bd40d
$19 <= 96593b2d
*0000001c <= 96593b2d
$19 <= 6ec9661a
*00000020 <= 78d11806
$21 <= da58428d
*00000024 <= 2ad40dc2
$30 <= 3f4ee1f3
*00000028 <= a288080a
$ 2 <= 82080002
*0000002c <= 10804a08
$11 <= 1ffaff33
*00000030 <= 3881cbc9
$15 <= bfd5418d
*00000034 <= 00000000
$20 <= 760fb6f0
*00000038 <= 9c8d6e52
$13 <= ff7ffefe
*0000003c <= b0aaee5a
$26 <= 956c28e6
*00000040 <= a2895a8b
$23 <= 4e0950f7
*00000044 <= 518787e9
$ 6 <= 1efaed02
*00000048 <= 0f2a5333
$ 1 <= 32556a63
*0000004c <= fed4e68c
$ 3 <= e6202836
*00000050 <= 8e3a5439
$ 7 <= dedfdcff
*00000054 <= 94df9caf
$17 <= a28f4b0b
*00000058 <= 4e0950f7
$23 <= d4bb0ad9
*0000005c <= 4f346a6b
$10 <= d70b7649
*00000060 <= 1efaed02
$22 <= 2a806400
*00000064 <= bc6f3e5a
$25 <= fffffffe
*00000068 <= da58428d
$21 <= 960ab625
*0000006c <= 1efaed02
$ 6 <= 66002012
*00000070 <= a28f4b0b
$17 <= a6118a29
*00000074 <= 3f4ee1f3
$30 <= fffffffe
*00000078 <= beff3fda
$18 <= 2a806400
*0000007c <= ff7ffefe
$13 <= 960ab621
*00000080 <= 760fb6f0
$20 <= fcbc5bc8
*00000084 <= cb356669
$24 <= 702a9e17
*00000088 <= e6202836
$ 3 <= cd462a98
*0000008c <= 66002012
$ 6 <= 15cf4963
*00000090 <= 3ab6ede0
$ 4 <= 00000000
*00000094 <= 8b76ea1e
$ 9 <= d6bb0adb
*00000098 <= 960ab621
$13 <= 1812b625
*0000009c <= 15cf4963
$ 6 <= 00000000
*000000a0 <= a6118a29
$17 <= d6bbbefb
*000000a4 <= d6bb0adb
$ 9 <= 02002400
*000000a8 <= d4bb0ad9
$23 <= fffffffe
*000000ac <= e2ba097e
$31 <= 0b620222
*000000b0 <= 2b6602ae
$27 <= 2a8063fe
*000000b4 <= d1567f50
$ 8 <= 28f489b7
*000000b8 <= 6ec9661a
$19 <= d7fafe3b
*000000bc <= 960ab623
$12 <= bfec8ce6
*000000c0 <= d6bbbefb
$17 <= 8d6a0224
*000000c4 <= dedfdcff
$ 7 <= 1abcd4a3
*000000c8 <= 00000000
$ 4 <= 0b61c3dc
*000000cc <= fffffffe
$23 <= 18124005
*000000d0 <= 28f489b7
$ 8 <= 0a2c009c
*000000d4 <= 0a2c009c
$ 8 <= 2dc3b482
*000000d8 <= 18124005
$23 <= bfec1439
*000000dc <= 1812b625
$13 <= d70be0f8
*000000e0 <= bfec8ce6
$12 <= 2a80781d
*000000e4 <= fcbc5bc8
$20 <= fcbca1c9
*000000e8 <= d3f27a1a
$28 <= bfd5230e
*000000ec <= fcbca1c9
$20 <= 8d69af5b
*000000f0 <= 8d6a0224
$17 <= ffffffff
*000000f4 <= 1abcd4a3
$ 7 <= 2dc4d83c
*000000f8 <= 2a806400
$18 <= 0000b206
*000000fc <= 0b61c3dc
$ 4 <= 2dc3b6a2
*00000100 <= ffffffff
$17 <= 8d69bf5b
*00000104 <= bfd5230e
$28 <= 2a8063fe
*00000108 <= bfec1439
$23 <= 82089b12
*0000010c <= d7fafe3b
$19 <= fffffffe
*00000110 <= d70be0f8
$13 <= 642869bc
*00000114 <= 2a806400
$22 <= 2dc3f6ae
*00000118 <= 2a8063fe
$28 <= 0b620222
*0000011c <= 32556a63
$ 1 <= 226c4800
*00000120 <= 0000b206
$18 <= f5506340
*00000124 <= 1ffaff33
$11 <= 00000005
*00000128 <= 8d69bf5b
$17 <= 0005feaa
*0000012c <= 2dc3b482
$ 8 <= 50634000
*00000130 <= 0b620222
$28 <= 00000000
*00000134 <= 0b620222
$31 <= 3fe00000
*00000138 <= d70b7649
$10 <= 3fffffff
*0000013c <= 02002400
$ 9 <= 00702a9e
*00000140 <= 64282834
$29 <= 00000000
*00000144 <= 2a8063fe
$27 <= 00000000
*00000148 <= 8d69af5b
$20 <= 000cd462
*0000014c <= 2dc40838
$16 <= 00000000
*00000150 <= cd462a98
$ 3 <= 0089b120
*00000154 <= f5506340
$18 <= fd540000
*00000158 <= 0089b120
$ 3 <= 00000000
*0000015c <= 960ab625
$21 <= 66a31000
*00000160 <= 844e4f7e
$14 <= cc000000
*00000164 <= 2a80781d
$12 <= 00000cd4
*00000168 <= 00000000
$ 3 <= 82089b12
$ 4 <= 956c2432
*00000170 <= 702a9e17
$24 <= 956c6402
$ 5 <= df384800
*00000178 <= 956c6402
$24 <= 226c8d4f
$ 4 <= a82869bc
*00000180 <= 226c8d4f
$24 <= 00000000
$24 <= 2dc4d83c
*00000188 <= df384800
$ 5 <= 3fe00000
$20 <= fffffffe
*0000018c <= 3fe00000
*00000190 <= 00000000
$27 <= 820839df
$17 <= c50f68e6
*00000198 <= 82089b12
$23 <= 3fe00000
*000001a0 <= fd540000
$18 <= 00003af5
$16 <= 6f834000
*000001a4 <= 6f834000
*000001a8 <= 2dc3f6ae
$22 <= 226c88aa
$ 9 <= a3834000
*000001b0 <= 00003af5
$18 <= 226c88aa
$31 <= 5bc869bc
*000001b8 <= 3fe00000
$ 5 <= 3fe061ef
$10 <= 64286568
*000001bc <= 3fe00000
*000001c0 <= 6f834000
$16 <= 3fe061ef
$19 <= 226c88aa
*000001c4 <= 3fe061ef
*000001c8 <= fffffffe
$30 <= 00006f5d
$21 <= b8a8f0da
*000001cc <= 00000005
*000001d0 <= 956c28e6
$26 <= fffffffe
$ 3 <= e6205cb7
*000001d8 <= e6205cb7
$ 3 <= 00000cd4
*000001dc <= 00000cd4
*000001e0 <= 642869bc
$13 <= 3fe00000
$19 <= b8a8f0df
*000001e4 <= 3fe00000
*000001e8 <= 00000cd4
$ 3 <= 64286568
$14 <= 668c28e6
*000001ec <= 64286568
*000001f0 <= b8a8f0da
$21 <= 3fe00000
$ 5 <= 82080002
*000001f8 <= 00000cd4
$12 <= 0000624d
$27 <= fffffffe
*00000200 <= 00006f5d
$30 <= a3835077
$ 8 <= 3af09718
*00000204 <= a3834000
$31 <= 000036a4
*00000208 <= 000036a4
$31 <= 00003854
*000002e0 <= 00003854
$31 <= 000037fc
*000002b4 <= 000037fc
$31 <= 0000378c
*0000027c <= 0000378c
$31 <= 000036dc
*00000224 <= 000036dc
$31 <= 00003874
*000002f0 <= 00003874
$31 <= 0000389c
*00000304 <= 0000389c
$31 <= 000036bc
*00000214 <= 000036bc
$31 <= 00003814
*000002c0 <= 00003814
$31 <= 000036cc
*0000021c <= 000036cc
$31 <= 0000384c
*000002dc <= 0000384c
$31 <= 00003704
*00000238 <= 00003704
$31 <= 000036f4
*00000230 <= 000036f4
$31 <= 0000377c
*00000274 <= 0000377c
$31 <= 00003754
*00000260 <= 00003754
$31 <= 0000379c
*00000284 <= 0000379c
$31 <= 0000370c
*0000023c <= 0000370c
$31 <= 00003724
*00000248 <= 00003724
$31 <= 000037d4
*000002a0 <= 000037d4
$31 <= 00003844
*000002d8 <= 00003844
$31 <= 000036ec
*0000022c <= 000036ec
$31 <= 000036c4
*00000218 <= 000036c4
$31 <= 00003734
*00000250 <= 00003734
$31 <= 00003764
*00000268 <= 00003764
$31 <= 000037dc
*000002a4 <= 000037dc
$31 <= 000036b4
*00000210 <= 000036b4
$31 <= 0000371c
*00000244 <= 0000371c
$31 <= 000036ac
*0000020c <= 000036ac
$31 <= 0000372c
*0000024c <= 0000372c
$31 <= 00003794
*00000280 <= 00003794
$31 <= 00003744
*00000258 <= 00003744
$31 <= 00003784
*00000278 <= 00003784
$31 <= 0000388c
*000002fc <= 0000388c
$31 <= 0000374c
*0000025c <= 0000374c
$31 <= 000036d4
*00000220 <= 000036d4
$31 <= 00003774
*00000270 <= 00003774
$31 <= 000037f4
*000002b0 <= 000037f4
$31 <= 0000376c
*0000026c <= 0000376c
$31 <= 0000385c
*000002e4 <= 0000385c
$31 <= 00003834
*000002d0 <= 00003834
$31 <= 000037ec
*000002ac <= 000037ec
$31 <= 00003884
*000002f8 <= 00003884
$31 <= 000037a4
*00000288 <= 000037a4
$31 <= 00003864
*000002e8 <= 00003864
$31 <= 000036e4
*00000228 <= 000036e4
$31 <= 0000373c
*00000254 <= 0000373c
$31 <= 0000387c
*000002f4 <= 0000387c
$31 <= 000037c4
*00000298 <= 000037c4
$31 <= 00003714
*00000240 <= 00003714
$31 <= 000037bc
*00000294 <= 000037bc
$31 <= 000037b4
*00000290 <= 000037b4
$31 <= 0000375c
*00000264 <= 0000375c
$31 <= 000037cc
*0000029c <= 000037cc
$31 <= 00003804
*000002b8 <= 00003804
$31 <= 0000382c
*000002cc <= 0000382c
$31 <= 000036fc
*00000234 <= 000036fc
$31 <= 0000383c
*000002d4 <= 0000383c
$31 <= 0000380c
*000002bc <= 0000380c
$31 <= 000037e4
*000002a8 <= 000037e4
$31 <= 000037ac
*0000028c <= 000037ac
$31 <= 0000381c
*000002c4 <= 0000381c
$31 <= 0000386c
*000002ec <= 0000386c
$31 <= 00003824
*000002c8 <= 00003824
$31 <= 00003894
*00000300 <= 00003894
$23 <= 000039ec
$23 <= d7fafe3b
$ 4 <= 00003a1c
$ 4 <= 00003824
$15 <= 00003ad0
$15 <= 0000376c
$ 6 <= 000039f8
$ 6 <= 00003814
$12 <= 00003b00
$12 <= 00003764
$ 8 <= 000038c0
$ 8 <= 4f346a6b
$30 <= 0000395c
$30 <= 0a2c009c
$ 5 <= 000038d8
$ 5 <= 2ad40dc2
$15 <= 00003950
$15 <= 760fb6f0
$24 <= 00003a28
$24 <= 0000372c
$20 <= 00003974
$20 <= fffffffe
$30 <= 000038a8
$30 <= 00003724
$ 1 <= 00003b84
$ 1 <= 000036c4
$ 1 <= 000038e4
$ 1 <= fcbc5bc8
$19 <= 00003a88
$19 <= a2895a8b
$29 <= 00003b6c
$29 <= 000037fc
$ 5 <= 00003b78
$ 5 <= 2ad40dc2
$24 <= 0000398c
$24 <= 0000383c
$28 <= 0000392c
$28 <= 960ab623
$12 <= 000038b4
$12 <= a288080a
$25 <= 00003968
$25 <= dedfdcff
$22 <= 00003a58
$22 <= 0d4bd40d
$31 <= 000039a4
$31 <= 00000000
$22 <= 00003a7c
$22 <= a6118a29
$21 <= 00003ac4
$21 <= 960ab623
$20 <= 000039bc
$20 <= d6bbbefb
$ 2 <= 000039d4
$ 2 <= 4f346a6b
$29 <= 00003a10
$29 <= e2ba097e
$18 <= 00003998
$18 <= 4f346a6b
$24 <= 00003ae8
$24 <= 000036dc
$13 <= 00003b30
$13 <= 6de14349
$22 <= 00003b90
$22 <= 000036fc
$ 8 <= 00003aac
$ 8 <= 00000000
$15 <= 000039b0
$15 <= 844e4f7e
$ 3 <= 00003ab8
$ 3 <= 0000383c
$ 7 <= 00003a40
$ 7 <= a3834000
$18 <= 00003a34
$18 <= 4f346a6b
$ 4 <= 00003b0c
$ 4 <= 0000383c
$ 8 <= 000039c8
$ 8 <= e6205cb7
$28 <= 00003b48
$28 <= 6f834000
$29 <= 00003980
$29 <= a2895a8b
$29 <= 00003aa0
$29 <= 000037dc
$30 <= 00003b18
$30 <= 3fe00000
$ 5 <= 00003af4
$ 5 <= 00000000
$21 <= 00003b54
$21 <= 2dc3b482
$ 9 <= 00003908
$ 9 <= 00000000
$30 <= 00003b3c
$30 <= 18124005
$28 <= 00003adc
$28 <= 2a8063fe
$28 <= 00003938
$28 <= d6bb0adb
$12 <= 000038f0
$12 <= 844e4f7e
$23 <= 000039e0
$23 <= 00000000
$28 <= 000038fc
$28 <= 0000384c
$24 <= 00003b60
$24 <= 8d6a0224
$18 <= 00003a94
$18 <= 00003af5
$26 <= 00003b24
$26 <= 00003704
$ 1 <= 00003a4c
$ 1 <= 00000005
$ 4 <= 00003920
$ 4 <= 00000cd4
$14 <= 000038cc
$14 <= 66002012
$17 <= 00003a04
$17 <= 00003824
$13 <= 00003a64
$13 <= fffffffe
$ 6 <= 00003a70
$ 6 <= 0000383c
$28 <= 00003914
$28 <= 6ec9661a
$23 <= 00003944
$23 <= c5d450c9
$15 <= 00003b9c
$15 <= 3fe061ef