ISim P.20131013 (signature 0x8ef4fb42)
WARNING: A WEBPACK license was found.
WARNING: Please use Xilinx License Configuration Manager to check out a full ISim license.
WARNING: ISim will run in Lite mode. Please refer to the ISim documentation for more information on the differences between the Lite and the Full version.
This is a Lite version of ISim.
WARNING:  For instance mips_t/mips/, width 1 of formal port en is not equal to width 32 of actual constant.

# run 1000 ns 
Simulator is doing circuit initialization process.
Finished circuit initialization process.
$ 1 <= 00000000
$ 1 <= d9cc0000
$ 2 <= d9cc5d76
$ 2 <= b3985d76
$ 1 <= 00960000
$ 3 <= 00968577
$ 1 <= 9f260000
$ 4 <= 9f26bd1e
$ 6 <= b30ed801
$ 1 <= 7a130000
$ 7 <= 7a139e52
$20 <= 7a139e52
$20 <= c67b40dc
*00000000 <= b3985d76
$ 2 <= 5235951f
$ 6 <= 52a31068
$ 1 <= 5f720000
$25 <= 5f72a92c
$18 <= b1a83e4b
$18 <= 5f72a92c
$ 2 <= 5235ad8d
*00000004 <= 5235ad8d
$ 2 <= f1c9cd86
$ 6 <= f15f48f1
$ 1 <= 5e9f0000
$ 9 <= 5e9f6f7d
$27 <= 50693d03
$27 <= 5e9f6f7d
$ 2 <= f1ca39a3
*00000008 <= f1ca39a3
$ 2 <= 9086060f
$ 6 <= 90108378
$ 1 <= c48e0000
$ 8 <= c48eafa7
$22 <= c48eafa7
$22 <= d48eafaf
*0000000c <= 9086060f
$ 2 <= 2f374096
$ 6 <= 2fa1c5e1
$ 1 <= 5fb10000
$17 <= 5fb1609e
$14 <= 5fb1609e
$14 <= 70862008
*00000010 <= 2f374096
$ 2 <= cec882ff
$ 6 <= ce5e0788
$ 1 <= 59f40000
$23 <= 59f410c7
$22 <= 28bc93c6
$22 <= 59f410c7
$ 2 <= cec89626
*00000014 <= cec89626
$ 2 <= 6d84c4a6
$ 6 <= 6d1241d1
$ 1 <= cff00000
$12 <= cff01607
$ 9 <= 3d74daad
$ 9 <= cff01607
$ 2 <= 6d84ff83
*00000018 <= 6d84ff83
$ 2 <= 0c38feef
$ 6 <= 0cae7b98
$ 1 <= 6eb20000
$15 <= 6eb2c0a4
$12 <= 6eb2c0a4
$12 <= 6279c1b5
$ 2 <= 0c3945a3
*0000001c <= 0c3945a3
$ 2 <= abd538b6
$ 6 <= ab43bdc1
$ 1 <= 280f0000
$14 <= 280f47fd
$24 <= 280f47fd
$24 <= d3e480b3
$ 2 <= abd5a149
*00000020 <= abd5a149
$ 2 <= 4a6a7adf
$ 6 <= 4afcffa8
$ 1 <= 1d150000
$30 <= 1d152f6d
$27 <= 1d154b99
$27 <= a5eda000
*00000024 <= 4a6a7adf
$ 2 <= ea23bcc6
$ 6 <= eab539b1
$ 1 <= b5910000
$ 7 <= b5910afb
$11 <= b59123ac
$11 <= b5911dfa
*00000028 <= ea23bcc6
$ 2 <= 89dbf6cf
$ 6 <= 894d73b8
$ 1 <= fcda0000
$25 <= fcdadbd5
$19 <= fcdadbd5
$19 <= adbd5000
*0000002c <= 89dbf6cf
$ 2 <= 287430d6
$ 6 <= 28e2b5a1
$ 1 <= 26d20000
$25 <= 26d264d9
$14 <= 26d2d71a
$14 <= 26d26eff
*00000030 <= 287430d6
$ 2 <= c80972bf
$ 6 <= c89ff7c8
$ 1 <= 16520000
$ 7 <= 1652eeb0
$16 <= 1652eeb0
$16 <= 1652fd7a
*00000034 <= c80972bf
$ 2 <= 67c6b4e6
$ 6 <= 67503191
$ 1 <= 31d90000
$19 <= 31d9a84a
$12 <= 31d9a84a
$12 <= 00000000
*00000038 <= 67c6b4e6
$ 2 <= 0676eeaf
$ 6 <= 06e06bd8
$ 1 <= 86760000
$16 <= 86766c3e
$14 <= 86768d55
$14 <= 00000867
$ 2 <= f9891151
*0000003c <= f9891151
$ 2 <= a60728f6
$ 6 <= a691ad81
$ 1 <= 6af40000
$26 <= 6af40995
$ 8 <= 6af43668
$ 8 <= 6af42c4a
*00000040 <= a60728f6
$ 2 <= 45b86a9f
$ 6 <= 452eefe8
$ 1 <= 0f7b0000
$25 <= 0f7b25e5
$11 <= 0f7b8eef
$11 <= ca000000
$ 2 <= ba479561
*00000044 <= ba479561
$ 2 <= e455ad06
$23 <= 3e49bdcd
$22 <= 46b60000
$23 <= 46b60000
$22 <= 00000000
*00000048 <= 46b60000
$22 <= 46b60000
$23 <= 11920000
$23 <= 00000000
*0000004c <= 46b60000
$ 1 <= cf620000
$23 <= cf627c58
*00000050 <= cf627c58
$27 <= eb0ccf52
$27 <= cf627c58
$ 2 <= e455ad06
$ 1 <= 452f0000
$17 <= 452f6cc0
*00000054 <= 452f6cc0
$10 <= 60d9bfba
$10 <= 452f6cc0
$ 2 <= e455ad06
$ 1 <= 92b50000
$21 <= 92b5edc2
*00000058 <= 92b5edc2
$ 7 <= ae6040bc
$ 7 <= 92b5edc2
$ 2 <= e455ad06
$ 1 <= 91b60000
$26 <= 91b6915c
*0000005c <= 91b6915c
$20 <= ad60e456
$20 <= 91b6915c
$ 6 <= e4c32871
$ 2 <= 83e9e58f
$ 1 <= dc5c0000
$27 <= dc5c370d
*00000060 <= dc5c370d
$16 <= 5872517e
$16 <= dc5c370d
$ 2 <= 83e9e58f
$ 1 <= e97b0000
$16 <= e97b625a
*00000064 <= e97b625a
$13 <= 65917ccb
$13 <= e97b625a
$ 2 <= 83e9e58f
$ 1 <= 10d10000
$12 <= 10d1a14d
*00000068 <= 10d1a14d
$27 <= 8ce7bbbe
$27 <= 10d1a14d
$ 6 <= 837f60f8
$ 2 <= 22a61e16
$ 1 <= b7480000
$21 <= b74882f1
*0000006c <= b74882f1
$27 <= 94a264db
$27 <= b74882f1
$ 2 <= 22a61e16
$ 1 <= 63320000
$ 7 <= 63329dd7
*00000070 <= 63329dd7
$21 <= 408c7fc1
$21 <= 63329dd7
$ 6 <= 22309b61
$ 2 <= c157587f
$ 6 <= c1c1dd08
$ 1 <= 0000000c
$31 <= 00003560
$19 <= 0000356c
$ 2 <= 60e89a26
$ 6 <= 607e1f51
$ 1 <= 00000010
$31 <= 00003580
$13 <= 00003590
$ 2 <= ffa4dc6f
$ 6 <= ff325918
$ 1 <= 00000014
$31 <= 000035a4
$19 <= 000035b8
$ 2 <= 9e591636
$ 6 <= 9ecf9341
$ 1 <= 00000010
$31 <= 000035cc
$30 <= 000035dc
$ 2 <= 3df6505f
$ 6 <= 3d60d528
$ 1 <= 00000014
$31 <= 000035f0
$15 <= 00003604
$ 2 <= dc879246
$ 6 <= dc111731
$ 1 <= 00000018
$31 <= 00003618
$11 <= 00003630
$ 2 <= 7b37d44f
$ 6 <= 7ba15138
$ 1 <= 00000014
$31 <= 00003644
$ 9 <= 00003658
$ 2 <= 1ac80e56
$ 6 <= 1a5e8b21
$ 1 <= 00000018
$31 <= 0000366c
$18 <= 00003684
$ 2 <= b985483f
$ 6 <= b913cd48
$ 1 <= 0000001c
$31 <= 00003698
$11 <= 000036b4
$ 2 <= 583a8a66
$ 6 <= 58ac0f11
$31 <= 000036c4
$ 7 <= 000036d0
$ 2 <= f7d2cc2f
$ 6 <= f7444958
$31 <= 000036e0
$ 8 <= 000036f0
$ 2 <= 966b0676
$ 6 <= 96fd8301
$31 <= 00003700
$11 <= 00003714
$ 2 <= 3624401f
$ 6 <= 36b2c568
$31 <= 00003724
$28 <= 00003734
$ 2 <= d5d98286
$ 6 <= d54f07f1
$31 <= 00003744
$14 <= 00003758
$ 2 <= 7475c50f
$ 6 <= 74e34078
$31 <= 00003768
$17 <= 00003780
$ 2 <= 1409fd96
$ 6 <= 149f78e1
$31 <= 00003790
$30 <= 000037a4
$ 2 <= b3c635ff
$ 6 <= b350b088
$31 <= 000037b4
$12 <= 000037cc
$ 2 <= 52776da6
$ 6 <= 52e1e8d1
$31 <= 000037dc
$24 <= 000037f8
$ 2 <= f208a5ef
$31 <= 00003804
*000000bc <= 00003804
$27 <= 00003804
$31 <= 00003824
*000000c0 <= 00003824
$27 <= 00003824
$31 <= 00003848
*000000c4 <= 00003848
$12 <= 00003848
$31 <= 00003870
*000000c8 <= 00003870
$16 <= 00003870
$31 <= 00003894
*000000cc <= 00003894
$24 <= 00003894
$31 <= 000038bc
*000000d0 <= 000038bc
$17 <= 000038bc
$31 <= 000038e8
*000000d4 <= 000038e8
$13 <= 000038e8
$31 <= 00003910
*000000d8 <= 00003910
$15 <= 00003910
$31 <= 0000393c
*000000dc <= 0000393c
$27 <= 0000393c
$ 1 <= 31a40000
$31 <= 31a41bec
$31 <= 00003974
$11 <= 00000000
$11 <= f208a5ef
*00000974 <= f208a5ef
$ 1 <= f3470000
$31 <= f347bd90
$31 <= 0000398c
$20 <= 00000000
$20 <= f208a5ef
*0000098c <= f208a5ef
$ 1 <= ea060000
$31 <= ea063c70
$31 <= 000039a8
$21 <= 00000000
$21 <= f208a5ef
*000009a8 <= f208a5ef
$ 1 <= 11ee0000
$31 <= 11ee4bc1
$31 <= 000039c8
$13 <= 00000000
$13 <= f208a5ef
*000009c8 <= f208a5ef
$ 1 <= 62f20000
$31 <= 62f20784
$31 <= 000039e0
$27 <= 00000000
$27 <= f208a5ef
*000009e0 <= f208a5ef
$ 1 <= 3c120000
$31 <= 3c12c425
$31 <= 000039fc
$ 8 <= 00000000
$ 8 <= f208a5ef
*000009fc <= f208a5ef
$ 1 <= ff880000
$31 <= ff883eed
$31 <= 00003a1c
$ 7 <= 00000000
$ 7 <= f208a5ef
*00000a1c <= f208a5ef
$ 1 <= b5460000
$31 <= b5466514
$31 <= 00003a34
$ 7 <= 00000000
$ 7 <= f208a5ef
*00000a34 <= f208a5ef
$ 1 <= 28db0000
$31 <= 28db17d4
$31 <= 00003a50
$28 <= 00000000
$28 <= f208a5ef
*00000a50 <= f208a5ef
$31 <= 00000000
$13 <= 00003a84
$31 <= 00003a70
$31 <= 00000000
$31 <= 00003a7c
$ 6 <= f29e2098
$24 <= 00003aac
$31 <= 00003aa8
$ 2 <= f208e097
*000000e0 <= f208e097
$ 2 <= 91c4ddb6
$ 6 <= 915258c1
$12 <= 00003ad4
$31 <= 00003ad0
*000000e4 <= 91c4ddb6
$ 2 <= 307915df
$ 6 <= 30ef90a8
$27 <= 00003afc
$31 <= 00003af8
$ 2 <= 307950d7
*000000e8 <= 307950d7
$ 2 <= d0164dc6
$ 6 <= d080c8b1
$22 <= 00003b24
$31 <= 00003b20
$ 2 <= d01688e6
*000000ec <= d01688e6
$ 2 <= 6fa785cf
$ 6 <= 6f3100b8
$12 <= 0000008d
$27 <= 0000016c
*000000f0 <= 6fa785cf
$ 2 <= 0e57bdd6
*000000f4 <= 0e57bdd6
$12 <= 6fa785cf
$27 <= 0e57bdd6
$ 5 <= 7dff43a5
ISim>  