$ 1 <= 00000000
$ 1 <= 46030000
$ 2 <= 4603ec68
$ 2 <= 8c06ec68
$ 1 <= e9490000
$ 3 <= e9493009
$ 1 <= be4f0000
$ 4 <= be4f49d3
$ 6 <= 654fdc61
$ 1 <= d77a0000
$21 <= d77af5a0
$ 9 <= d77b5d88
$ 9 <= fffd77af
*00000000 <= 8c06ec68
$ 2 <= 239f2634
$ 6 <= cad6163d
$ 1 <= ab0c0000
$26 <= ab0c5df8
$ 9 <= ab0cd1b6
$ 9 <= ffffeac3
$ 2 <= dc60d9cc
*00000004 <= dc60d9cc
$ 2 <= 89256010
$ 6 <= 606c5019
$ 1 <= 28520000
$20 <= 2852a02f
$ 9 <= 28531acd
$ 9 <= 050a5405
$ 2 <= 76da9ff0
*00000008 <= 76da9ff0
$ 2 <= 1ebb99ec
$ 6 <= f7f2a9e5
$ 1 <= 68550000
$ 9 <= 68554acf
$21 <= 685575a4
$21 <= 000000d0
*0000000c <= 1ebb99ec
$ 2 <= b641f3b8
$ 6 <= 5f08c3b1
$ 1 <= ede00000
$11 <= ede08287
$ 9 <= ede10056
$ 9 <= ffffffff
*00000010 <= b641f3b8
$ 2 <= 1d580d84
$ 6 <= f4113d8d
$ 1 <= 6a8a0000
$ 7 <= 6a8accae
$11 <= 6a8aebc3
$11 <= 00000000
$ 2 <= e2a7f27c
*00000014 <= e2a7f27c
$ 2 <= b2608760
$ 6 <= 5b29b769
$ 1 <= ca990000
$28 <= ca99443e
$15 <= ca999c0d
$15 <= fffffca9
$ 2 <= 4d9f78a0
*00000018 <= 4d9f78a0
$ 2 <= 1979013c
$ 6 <= f0303135
$ 1 <= 94bd0000
$28 <= 94bd0c04
$26 <= 94bd0c04
$26 <= ca5e8602
*0000001c <= 1979013c
$ 2 <= ae7f7b08
$ 6 <= 47364b01
$ 1 <= fb1d0000
$26 <= fb1db03d
$17 <= fb1db03d
$17 <= ffffffec
*00000020 <= ae7f7b08
$ 2 <= 058594d4
$31 <= 000031d8
$30 <= 000031d8
$31 <= 000031f4
$25 <= 000031f4
$31 <= 00003214
$26 <= 00003214
$31 <= 00003238
$29 <= 00003238
$31 <= 00003258
$30 <= 00003258
$31 <= 0000327c
$14 <= 0000327c
$31 <= 000032a4
$21 <= 000032a4
$31 <= 000032c8
$14 <= 000032c8
$31 <= 000032f0
$22 <= 000032f0
$31 <= 0000331c
$11 <= 0000331c
$31 <= 00003338
$18 <= 00003338
$31 <= 00003358
$ 7 <= 00003358
$31 <= 0000337c
$ 7 <= 0000337c
$31 <= 0000339c
$16 <= 0000339c
$31 <= 000033c0
$15 <= 000033c0
$31 <= 000033e8
$ 7 <= 000033e8
$31 <= 0000340c
$ 8 <= 0000340c
$31 <= 00003434
$12 <= 00003434
